Mensagem Mensagem para bebê nascido do sexo masculino entre 5 e 7 meses
-- #<Child id: 10, name: "Hideki", birth_date: "2014-04-29 17:31:08", gender: 0, mother_profile_id: 7, born: true, expected_birth_week: nil, expected_birth_year: nil, created_at: "2014-10-29 17:31:08", updated_at: "2014-10-29 17:31:08">
Mensagem Mensagem para bebê em gestação do sexo masculino de 5 a 7 meses
-- #<Child id: 11, name: nil, birth_date: nil, gender: 0, mother_profile_id: 8, born: false, expected_birth_week: "5", expected_birth_year: "2015", created_at: "2014-10-29 17:31:08", updated_at: "2014-10-29 17:31:08">
Mensagem Mensagem para bebê nascido do sexo feminino de 1 a 2 anos
-- #<Child id: 12, name: "Joana", birth_date: "2013-04-29 17:31:08", gender: 1, mother_profile_id: 8, born: true, expected_birth_week: nil, expected_birth_year: nil, created_at: "2014-10-29 17:31:08", updated_at: "2014-10-29 17:31:08">
Mensagem Mensagem para bebê nascido do sexo feminino com menos de 1 anos
Mensagem Mensagem para bebê nascido independente do sexo com mais de 6 meses
-- #<Child id: 10, name: "Hideki", birth_date: "2014-04-29 17:31:08", gender: 0, mother_profile_id: 7, born: true, expected_birth_week: nil, expected_birth_year: nil, created_at: "2014-10-29 17:31:08", updated_at: "2014-10-29 17:31:08">
-- #<Child id: 12, name: "Joana", birth_date: "2013-04-29 17:31:08", gender: 1, mother_profile_id: 8, born: true, expected_birth_week: nil, expected_birth_year: nil, created_at: "2014-10-29 17:31:08", updated_at: "2014-10-29 17:31:08">
Mensagem Test
Mensagem Test
Mensagem Test
Mensagem Test
Mensagem Test
Mensagem Test
-- #<Child id: 1, name: "Child 1", birth_date: "2014-05-14 22:24:22", gender: 0, mother_profile_id: nil, born: true, expected_birth_week: nil, expected_birth_year: nil, created_at: "2014-10-29 22:24:22", updated_at: "2014-10-29 22:24:22">
Mensagem Test
-- #<Child id: 1, name: "Child 1", birth_date: "2014-05-14 22:30:54", gender: 0, mother_profile_id: nil, born: true, expected_birth_week: nil, expected_birth_year: nil, created_at: "2014-10-29 22:30:54", updated_at: "2014-10-29 22:30:54">
Mensagem Test
-- #<Child id: 1, name: "Child 1", birth_date: "2014-05-14 22:32:50", gender: 0, mother_profile_id: nil, born: true, expected_birth_week: nil, expected_birth_year: nil, created_at: "2014-10-29 22:32:50", updated_at: "2014-10-29 22:32:50">
